<?xml version="1.0" encoding="UTF-8"?>
<!-- Generated by org.testng.reporters.JUnitXMLReporter -->
<testsuite ignored="0" hostname="LAPTOP-L47TV1TH" failures="1" tests="9" name="Test" time="0.046" errors="0" timestamp="2021-04-04T19:03:32 IST">
  <testcase classname="com.TestNg.org.TestNg.Priorrity" name="Payment" time="0.007"/>
  <testcase classname="com.TestNg.org.TestNg.Priorrity" name="SearchMobile" time="0.001"/>
  <testcase classname="com.TestNg.org.TestNg.Priorrity" name="Url" time="0.001"/>
  <testcase classname="com.TestNg.org.TestNg.Priorrity" name="browserLaunch" time="0.002">
    <skipped/>
  </testcase> <!-- browserLaunch -->
  <testcase classname="com.TestNg.org.TestNg.Priorrity" name="browserLaunch" time="0.001">
    <skipped/>
  </testcase> <!-- browserLaunch -->
  <testcase classname="com.TestNg.org.TestNg.Priorrity" name="browserLaunch" time="0.0">
    <skipped/>
  </testcase> <!-- browserLaunch -->
  <testcase classname="com.TestNg.org.TestNg.Priorrity" name="browserLaunch" time="0.0">
    <failure type="java.lang.AssertionError" message="expected [arsh] but found [arsa]">
      <![CDATA[java.lang.AssertionError: expected [arsh] but found [arsa]
at com.TestNg.org.TestNg.Priorrity.browserLaunch(Priorrity.java:13)
at java.base/java.util.ArrayList.forEach(ArrayList.java:1511)
... Removed 32 stack frames]]>
    </failure>
  </testcase> <!-- browserLaunch -->
  <testcase classname="com.TestNg.org.TestNg.Priorrity" name="logOut" time="0.0"/>
  <testcase classname="com.TestNg.org.TestNg.Priorrity" name="login" time="0.001"/>
</testsuite> <!-- Test -->
